Using pre-set license
Built from '2020.3/staging' branch; Version is '2020.3.13f1 (71691879b7f5) revision 7432472'; Using compiler version '192528614'; Build Type 'Release'
OS: 'Windows 10 Pro; OS build 22000.1; Version 2009; 64bit' Language: 'ru' Physical Memory: 8059 MB
BatchMode: 1, IsHumanControllingUs: 0, StartBugReporterOnCrash: 0, Is64bit: 1, IsPro: 0

 COMMAND LINE ARGUMENTS:
C:\Program Files\Unity\Hub\Editor\2020.3.13f1\Editor\Unity.exe
-adb2
-batchMode
-noUpm
-name
AssetImportWorker0
-projectPath
C:/Users/forsh/OneDrive/Рабочий стол/WORK/Unity Projects/SavannahLife
-logFile
Logs/AssetImportWorker0.log
-srvPort
55582
Successfully changed project path to: C:/Users/forsh/OneDrive/Рабочий стол/WORK/Unity Projects/SavannahLife
C:/Users/forsh/OneDrive/Рабочий стол/WORK/Unity Projects/SavannahLife
Using Asset Import Pipeline V2.
Refreshing native plugins compatible for Editor in 124.76 ms, found 3 plugins.
Preloading 0 native plugins for Editor in 0.00 ms.
Initialize engine version: 2020.3.13f1 (71691879b7f5)
[Subsystems] Discovering subsystems at path C:/Program Files/Unity/Hub/Editor/2020.3.13f1/Editor/Data/Resources/UnitySubsystems
[Subsystems] Discovering subsystems at path C:/Users/forsh/OneDrive/Рабочий стол/WORK/Unity Projects/SavannahLife/Assets
GfxDevice: creating device client; threaded=0
Direct3D:
    Version:  Direct3D 11.0 [level 11.1]
    Renderer: NVIDIA GeForce GTX 1650 with Max-Q Design (ID=0x1f99)
    Vendor:   
    VRAM:     3962 MB
    Driver:   30.0.14.7111
Initialize mono
Mono path[0] = 'C:/Program Files/Unity/Hub/Editor/2020.3.13f1/Editor/Data/Managed'
Mono path[1] = 'C:/Program Files/Unity/Hub/Editor/2020.3.13f1/Editor/Data/MonoBleedingEdge/lib/mono/unityjit'
Mono config path = 'C:/Program Files/Unity/Hub/Editor/2020.3.13f1/Editor/Data/MonoBleedingEdge/etc'
Using monoOptions --debugger-agent=transport=dt_socket,embedding=1,server=y,suspend=n,address=127.0.0.1:56180
Begin MonoManager ReloadAssembly
Registering precompiled unity dll's ...
Register platform support module: C:/Program Files/Unity/Hub/Editor/2020.3.13f1/Editor/Data/PlaybackEngines/WindowsStandaloneSupport/UnityEditor.WindowsStandalone.Extensions.dll
Registered in 0.002361 seconds.
Native extension for WindowsStandalone target not found
Refreshing native plugins compatible for Editor in 107.43 ms, found 3 plugins.
Preloading 0 native plugins for Editor in 0.00 ms.
Mono: successfully reloaded assembly
- Completed reload, in  1.354 seconds
Platform modules already initialized, skipping
Registering precompiled user dll's ...
Registered in 0.004452 seconds.
Begin MonoManager ReloadAssembly
Symbol file LoadedFromMemory doesn't match image C:\Users\forsh\OneDrive\Рабочий стол\WORK\Unity Projects\SavannahLife\Library\PackageCache\com.unity.visualscripting@1.6.1\Editor\VisualScripting.Core\Dependencies\YamlDotNet\Unity.VisualScripting.YamlDotNet.dll
Symbol file LoadedFromMemory doesn't match image C:\Users\forsh\OneDrive\Рабочий стол\WORK\Unity Projects\SavannahLife\Library\PackageCache\com.unity.visualscripting@1.6.1\Editor\VisualScripting.Core\Dependencies\DotNetZip\Unity.VisualScripting.IonicZip.dll
Native extension for WindowsStandalone target not found
Refreshing native plugins compatible for Editor in 0.69 ms, found 3 plugins.
Preloading 0 native plugins for Editor in 0.00 ms.
Mono: successfully reloaded assembly
- Completed reload, in  1.607 seconds
Platform modules already initialized, skipping
========================================================================
Worker process is ready to serve import requests
Launched and connected shader compiler UnityShaderCompiler.exe after 0.05 seconds
Refreshing native plugins compatible for Editor in 1.30 ms, found 3 plugins.
Preloading 0 native plugins for Editor in 0.00 ms.
Unloading 2949 Unused Serialized files (Serialized files now loaded: 0)
System memory in use before: 121.7 MB.
System memory in use after: 121.9 MB.

Unloading 22 unused Assets to reduce memory usage. Loaded Objects now: 3404.
Total: 4.689200 ms (FindLiveObjects: 0.445700 ms CreateObjectMapping: 0.253800 ms MarkObjects: 3.869300 ms  DeleteObjects: 0.118200 ms)

AssetImportParameters requested are different than current active one (requested -> active):
  custom:framework-win-MediaFoundation: 216162199b28c13a410421893ffa2e32 -> 
  custom:video-decoder-ogg-theora: a1e56fd34408186e4bbccfd4996cb3dc -> 
  custom:container-muxer-webm: aa71ff27fc2769a1b78a27578f13a17b -> 
  custom:container-demuxer-webm: 4f35f7cbe854078d1ac9338744f61a02 -> 
  custom:container-demuxer-ogg: 62fdf1f143b41e24485cea50d1cbac27 -> 
  custom:video-encoder-webm-vp8: eb34c28f22e8b96e1ab97ce403110664 -> 
  custom:video-decoder-webm-vp8: 9c59270c3fd7afecdb556c50c9e8de78 -> 
  custom:audio-decoder-ogg-vorbis: bf7c407c2cedff20999df2af8eb42d56 -> 
  custom:audio-encoder-webm-vorbis: bf7c407c2cedff20999df2af8eb42d56 -> 
========================================================================
Received Prepare
Refreshing native plugins compatible for Editor in 5.41 ms, found 3 plugins.
Preloading 0 native plugins for Editor in 0.00 ms.
Unloading 15 Unused Serialized files (Serialized files now loaded: 0)
System memory in use before: 62.7 MB.
System memory in use after: 62.9 MB.

Unloading 15 unused Assets to reduce memory usage. Loaded Objects now: 3404.
Total: 4.475300 ms (FindLiveObjects: 0.862200 ms CreateObjectMapping: 0.553000 ms MarkObjects: 3.013000 ms  DeleteObjects: 0.045200 ms)

AssetImportParameters requested are different than current active one (requested -> active):
  requireTextureImportCompression: false -> true
  custom:framework-win-MediaFoundation: 216162199b28c13a410421893ffa2e32 -> 
  custom:video-decoder-ogg-theora: a1e56fd34408186e4bbccfd4996cb3dc -> 
  custom:container-muxer-webm: aa71ff27fc2769a1b78a27578f13a17b -> 
  custom:container-demuxer-webm: 4f35f7cbe854078d1ac9338744f61a02 -> 
  custom:container-demuxer-ogg: 62fdf1f143b41e24485cea50d1cbac27 -> 
  custom:video-encoder-webm-vp8: eb34c28f22e8b96e1ab97ce403110664 -> 
  custom:video-decoder-webm-vp8: 9c59270c3fd7afecdb556c50c9e8de78 -> 
  custom:audio-decoder-ogg-vorbis: bf7c407c2cedff20999df2af8eb42d56 -> 
  custom:audio-encoder-webm-vorbis: bf7c407c2cedff20999df2af8eb42d56 -> 
========================================================================
Received Prepare
Refreshing native plugins compatible for Editor in 4.68 ms, found 3 plugins.
Preloading 0 native plugins for Editor in 0.00 ms.
Unloading 15 Unused Serialized files (Serialized files now loaded: 0)
System memory in use before: 62.7 MB.
System memory in use after: 62.9 MB.

Unloading 15 unused Assets to reduce memory usage. Loaded Objects now: 3404.
Total: 5.673900 ms (FindLiveObjects: 0.441200 ms CreateObjectMapping: 0.192900 ms MarkObjects: 5.002700 ms  DeleteObjects: 0.035600 ms)

AssetImportParameters requested are different than current active one (requested -> active):
  custom:framework-win-MediaFoundation: 216162199b28c13a410421893ffa2e32 -> 
  custom:video-decoder-ogg-theora: a1e56fd34408186e4bbccfd4996cb3dc -> 
  custom:container-muxer-webm: aa71ff27fc2769a1b78a27578f13a17b -> 
  custom:container-demuxer-webm: 4f35f7cbe854078d1ac9338744f61a02 -> 
  custom:container-demuxer-ogg: 62fdf1f143b41e24485cea50d1cbac27 -> 
  custom:video-encoder-webm-vp8: eb34c28f22e8b96e1ab97ce403110664 -> 
  custom:video-decoder-webm-vp8: 9c59270c3fd7afecdb556c50c9e8de78 -> 
  custom:audio-decoder-ogg-vorbis: bf7c407c2cedff20999df2af8eb42d56 -> 
  custom:audio-encoder-webm-vorbis: bf7c407c2cedff20999df2af8eb42d56 -> 
========================================================================
Received Prepare
Refreshing native plugins compatible for Editor in 4.32 ms, found 3 plugins.
Preloading 0 native plugins for Editor in 0.00 ms.
Unloading 15 Unused Serialized files (Serialized files now loaded: 0)
System memory in use before: 62.7 MB.
System memory in use after: 62.9 MB.

Unloading 15 unused Assets to reduce memory usage. Loaded Objects now: 3404.
Total: 3.894800 ms (FindLiveObjects: 0.516100 ms CreateObjectMapping: 0.253400 ms MarkObjects: 3.082100 ms  DeleteObjects: 0.041900 ms)

AssetImportParameters requested are different than current active one (requested -> active):
  custom:framework-win-MediaFoundation: 216162199b28c13a410421893ffa2e32 -> 
  custom:video-decoder-ogg-theora: a1e56fd34408186e4bbccfd4996cb3dc -> 
  custom:container-muxer-webm: aa71ff27fc2769a1b78a27578f13a17b -> 
  custom:container-demuxer-webm: 4f35f7cbe854078d1ac9338744f61a02 -> 
  custom:container-demuxer-ogg: 62fdf1f143b41e24485cea50d1cbac27 -> 
  custom:video-encoder-webm-vp8: eb34c28f22e8b96e1ab97ce403110664 -> 
  custom:video-decoder-webm-vp8: 9c59270c3fd7afecdb556c50c9e8de78 -> 
  custom:audio-decoder-ogg-vorbis: bf7c407c2cedff20999df2af8eb42d56 -> 
  custom:audio-encoder-webm-vorbis: bf7c407c2cedff20999df2af8eb42d56 -> 
========================================================================
Received Import Request.
  path: Assets/Scripts/Animal/Behaviors
  artifactKey: Guid(3fecea4beb6429b4bb118944dd230e3f) Importer(815301076,1909f56bfc062723c751e8b465ee728b)
Start importing Assets/Scripts/Animal/Behaviors using Guid(3fecea4beb6429b4bb118944dd230e3f) Importer(815301076,1909f56bfc062723c751e8b465ee728b)  -> (artifact id: '4af24d07d202cf62a313425a24ca433c') in 0.050427 seconds 
  Import took 0.059194 seconds .

========================================================================
Received Import Request.
  Time since last request: 0.004270 seconds.
  path: Assets/Scripts/Animal/Behaviors
  artifactKey: Guid(3fecea4beb6429b4bb118944dd230e3f) Importer(815301076,1909f56bfc062723c751e8b465ee728b)
Start importing Assets/Scripts/Animal/Behaviors using Guid(3fecea4beb6429b4bb118944dd230e3f) Importer(815301076,1909f56bfc062723c751e8b465ee728b)  -> (artifact id: '4af24d07d202cf62a313425a24ca433c') in 0.003594 seconds 
  Import took 0.012028 seconds .

========================================================================
Received Import Request.
  Time since last request: 119.927506 seconds.
  path: Assets/Scripts/Animal/Behaviors/IBehavior.cs
  artifactKey: Guid(6fcaa2f8c3850b94abb0f7c36fb10042) Importer(815301076,1909f56bfc062723c751e8b465ee728b)
Start importing Assets/Scripts/Animal/Behaviors/IBehavior.cs using Guid(6fcaa2f8c3850b94abb0f7c36fb10042) Importer(815301076,1909f56bfc062723c751e8b465ee728b)  -> (artifact id: 'bbdf2888d46729b362b0de868038a6ea') in 0.039549 seconds 
  Import took 0.050806 seconds .

========================================================================
Received Import Request.
  Time since last request: 412.793239 seconds.
  path: Assets/Scripts/Animal/Behaviors/IBehavior.cs
  artifactKey: Guid(6fcaa2f8c3850b94abb0f7c36fb10042) Importer(815301076,1909f56bfc062723c751e8b465ee728b)
Start importing Assets/Scripts/Animal/Behaviors/IBehavior.cs using Guid(6fcaa2f8c3850b94abb0f7c36fb10042) Importer(815301076,1909f56bfc062723c751e8b465ee728b)  -> (artifact id: 'e4165bf31fc45d21a6b60d388ad75b82') in 0.006788 seconds 
  Import took 0.017533 seconds .

========================================================================
Received Import Request.
  Time since last request: 0.047017 seconds.
  path: Assets/Scripts/Animal/Behaviors/IBehavior.cs
  artifactKey: Guid(6fcaa2f8c3850b94abb0f7c36fb10042) Importer(815301076,1909f56bfc062723c751e8b465ee728b)
Start importing Assets/Scripts/Animal/Behaviors/IBehavior.cs using Guid(6fcaa2f8c3850b94abb0f7c36fb10042) Importer(815301076,1909f56bfc062723c751e8b465ee728b)  -> (artifact id: 'e4165bf31fc45d21a6b60d388ad75b82') in 0.005484 seconds 
  Import took 0.013182 seconds .

========================================================================
Received Import Request.
  Time since last request: 44.533341 seconds.
  path: Assets/NavMeshComponents/Scripts 1/Prefabs
  artifactKey: Guid(4e8e5fcfd008eaa498e5b6fccb50e3dc) Importer(815301076,1909f56bfc062723c751e8b465ee728b)
Start importing Assets/NavMeshComponents/Scripts 1/Prefabs using Guid(4e8e5fcfd008eaa498e5b6fccb50e3dc) Importer(815301076,1909f56bfc062723c751e8b465ee728b)  -> (artifact id: 'f84931a9ac54cbfbd13f5350266d80fb') in 0.014300 seconds 
  Import took 0.023008 seconds .

========================================================================
Received Import Request.
  Time since last request: 0.008601 seconds.
  path: Assets/NavMeshComponents/Scripts 1/Prefabs
  artifactKey: Guid(4e8e5fcfd008eaa498e5b6fccb50e3dc) Importer(815301076,1909f56bfc062723c751e8b465ee728b)
Start importing Assets/NavMeshComponents/Scripts 1/Prefabs using Guid(4e8e5fcfd008eaa498e5b6fccb50e3dc) Importer(815301076,1909f56bfc062723c751e8b465ee728b)  -> (artifact id: 'f84931a9ac54cbfbd13f5350266d80fb') in 0.005435 seconds 
  Import took 0.013529 seconds .

AssetImportWorkerClient::OnTransportError - code=2 error=End of file
